<?xml version="1.0" encoding="UTF-8"?>
<!-- Generated by org.testng.reporters.JUnitReportReporter -->
<testsuite hostname="DESKTOP-J7DNQ9P" failures="0" tests="2" name="TestNGExamples.Examples002" time="0.032" errors="0" timestamp="2023-12-27T12:01:11 IST" skipped="0">
  <testcase classname="TestNGExamples.Examples002" name="mul" time="0.025"/>
  <testcase classname="TestNGExamples.Examples002" name="sub" time="0.007"/>
</testsuite> <!-- TestNGExamples.Examples002 -->
