<?xml version="1.0" encoding="UTF-8"?>
<!-- Generated by org.testng.reporters.JUnitReportReporter -->
<testsuite hostname="DESKTOP-J7DNQ9P" failures="0" tests="3" name="TestNGExamples.Parameterization" time="3.624" errors="0" timestamp="2024-01-02T12:07:32 IST" skipped="0">
  <testcase classname="TestNGExamples.Parameterization" name="LoginFunctionality" time="1.061"/>
  <testcase classname="TestNGExamples.Parameterization" name="ClickLoginButton" time="2.475"/>
  <testcase classname="TestNGExamples.Parameterization" name="Validations" time="0.088"/>
</testsuite> <!-- TestNGExamples.Parameterization -->
