<?xml version="1.0" encoding="UTF-8"?>
<!-- Generated by org.testng.reporters.JUnitReportReporter -->
<testsuite hostname="DESKTOP-J7DNQ9P" failures="0" tests="2" name="TestNGExamples.GroupingTestcases" time="10.325" errors="0" timestamp="2024-01-02T11:24:49 IST" skipped="0">
  <testcase classname="TestNGExamples.GroupingTestcases" name="OpenApplication" time="10.109"/>
  <testcase classname="TestNGExamples.GroupingTestcases" name="ClickLoginButton" time="0.216"/>
</testsuite> <!-- TestNGExamples.GroupingTestcases -->
