<?xml version="1.0" encoding="UTF-8"?>
<!-- Generated by org.testng.reporters.JUnitReportReporter -->
<testsuite hostname="DESKTOP-J7DNQ9P" failures="0" tests="4" name="TestNGExamples.DataProviderExamples" time="1.646" errors="0" timestamp="2023-12-29T12:04:52 IST" skipped="0">
  <testcase classname="TestNGExamples.DataProviderExamples" name="LoginFunctionality" time="0.376"/>
  <testcase classname="TestNGExamples.DataProviderExamples" name="LoginFunctionality" time="0.492"/>
  <testcase classname="TestNGExamples.DataProviderExamples" name="LoginFunctionality" time="0.280"/>
  <testcase classname="TestNGExamples.DataProviderExamples" name="ClickLoginButton" time="0.498"/>
</testsuite> <!-- TestNGExamples.DataProviderExamples -->
