<?xml version="1.0" encoding="UTF-8"?>
<!-- Generated by org.testng.reporters.JUnitReportReporter -->
<testsuite hostname="DESKTOP-J7DNQ9P" failures="0" tests="2" name="TestNGExamples.GroupingExamples" time="9.925" errors="0" timestamp="2024-01-02T10:42:20 IST" skipped="0">
  <testcase classname="TestNGExamples.GroupingExamples" name="openApplication" time="7.468"/>
  <testcase classname="TestNGExamples.GroupingExamples" name="ClickLoginBtn" time="2.457"/>
</testsuite> <!-- TestNGExamples.GroupingExamples -->
