<?xml version="1.0" encoding="UTF-8"?>
<!-- Generated by org.testng.reporters.JUnitReportReporter -->
<testsuite hostname="DESKTOP-J7DNQ9P" failures="0" tests="3" name="TestNGExamples.Sample003" time="2.504" errors="0" timestamp="2023-12-28T16:15:16 IST" skipped="0">
  <testcase classname="TestNGExamples.Sample003" name="LoginFunctionality" time="0.576"/>
  <testcase classname="TestNGExamples.Sample003" name="ClickLoginButton" time="1.341"/>
  <testcase classname="TestNGExamples.Sample003" name="clickLogout" time="0.587"/>
</testsuite> <!-- TestNGExamples.Sample003 -->
