<?xml version="1.0" encoding="UTF-8"?>
<!-- Generated by org.testng.reporters.JUnitReportReporter -->
<testsuite hostname="DESKTOP-J7DNQ9P" failures="0" tests="3" name="TestNGExamples.AssertionExamples" time="1.727" errors="0" timestamp="2023-12-28T16:38:03 IST" skipped="0">
  <testcase classname="TestNGExamples.AssertionExamples" name="LoginFunctionality" time="0.450"/>
  <testcase classname="TestNGExamples.AssertionExamples" name="ClickLoginButton" time="1.228"/>
  <testcase classname="TestNGExamples.AssertionExamples" name="Validations" time="0.049"/>
</testsuite> <!-- TestNGExamples.AssertionExamples -->
